# JRE version: OpenJDK Runtime Environment (7.0_101) (build 1.7.0_101-b00)
# Java VM: OpenJDK Client VM (24.95-b01 mixed mode, sharing linux-x86 )
Heap
 def new generation   total 118016K, used 6030K [0x6a800000, 0x72800000, 0x72800000)
  eden space 104960K,   5% used [0x6a800000, 0x6ade3958, 0x70e80000)
  from space 13056K,   0% used [0x71b40000, 0x71b40000, 0x72800000)
  to   space 13056K,   0% used [0x70e80000, 0x70e80000, 0x71b40000)
 tenured generation   total 262144K, used 116816K [0x72800000, 0x82800000, 0x82800000)
   the space 262144K,  44% used [0x72800000, 0x79a14050, 0x79a14200, 0x82800000)
 compacting perm gen  total 44800K, used 44753K [0x82800000, 0x853c0000, 0x92800000)
   the space 44800K,  99% used [0x82800000, 0x853b4540, 0x853b4600, 0x853c0000)
    ro space 10240K,  59% used [0x92800000, 0x92dfe6e8, 0x92dfe800, 0x93200000)
    rw space 12288K,  59% used [0x93200000, 0x9391c4e0, 0x9391c600, 0x93e00000)
GC Heap History (10 events):
Event: 9184.022 GC heap before
{Heap before GC invocations=1213 (full 192):
 def new generation   total 118016K, used 118016K [0x6a800000, 0x72800000, 0x72800000)
  eden space 104960K, 100% used [0x6a800000, 0x70e80000, 0x70e80000)
  from space 13056K, 100% used [0x71b40000, 0x72800000, 0x72800000)
  to   space 13056K,   0% used [0x70e80000, 0x70e80000, 0x71b40000)
 tenured generation   total 262144K, used 128903K [0x72800000, 0x82800000, 0x82800000)
   the space 262144K,  49% used [0x72800000, 0x7a5e1cf8, 0x7a5e1e00, 0x82800000)
 compacting perm gen  total 44800K, used 44656K [0x82800000, 0x853c0000, 0x92800000)
   the space 44800K,  99% used [0x82800000, 0x8539c270, 0x8539c400, 0x853c0000)
    ro space 10240K,  59% used [0x92800000, 0x92dfe6e8, 0x92dfe800, 0x93200000)
    rw space 12288K,  59% used [0x93200000, 0x9391c4e0, 0x9391c600, 0x93e00000)
Event: 9184.085 GC heap after
Heap after GC invocations=1214 (full 192):
 def new generation   total 118016K, used 13056K [0x6a800000, 0x72800000, 0x72800000)
  eden space 104960K,   0% used [0x6a800000, 0x6a800000, 0x70e80000)
  from space 13056K, 100% used [0x70e80000, 0x71b40000, 0x71b40000)
  to   space 13056K,   0% used [0x71b40000, 0x71b40000, 0x72800000)
 tenured generation   total 262144K, used 146272K [0x72800000, 0x82800000, 0x82800000)
   the space 262144K,  55% used [0x72800000, 0x7b6d83a8, 0x7b6d8400, 0x82800000)
 compacting perm gen  total 44800K, used 44656K [0x82800000, 0x853c0000, 0x92800000)
   the space 44800K,  99% used [0x82800000, 0x8539c270, 0x8539c400, 0x853c0000)
    ro space 10240K,  59% used [0x92800000, 0x92dfe6e8, 0x92dfe800, 0x93200000)
    rw space 12288K,  59% used [0x93200000, 0x9391c4e0, 0x9391c600, 0x93e00000)
}
Event: 9194.438 GC heap before
{Heap before GC invocations=1214 (full 192):
 def new generation   total 118016K, used 118016K [0x6a800000, 0x72800000, 0x72800000)
  eden space 104960K, 100% used [0x6a800000, 0x70e80000, 0x70e80000)
  from space 13056K, 100% used [0x70e80000, 0x71b40000, 0x71b40000)
  to   space 13056K,   0% used [0x71b40000, 0x71b40000, 0x72800000)
 tenured generation   total 262144K, used 146272K [0x72800000, 0x82800000, 0x82800000)
   the space 262144K,  55% used [0x72800000, 0x7b6d83a8, 0x7b6d8400, 0x82800000)
 compacting perm gen  total 44800K, used 44656K [0x82800000, 0x853c0000, 0x92800000)
   the space 44800K,  99% used [0x82800000, 0x8539c270, 0x8539c400, 0x853c0000)
    ro space 10240K,  59% used [0x92800000, 0x92dfe6e8, 0x92dfe800, 0x93200000)
    rw space 12288K,  59% used [0x93200000, 0x9391c4e0, 0x9391c600, 0x93e00000)
Event: 9194.487 GC heap after
Heap after GC invocations=1215 (full 192):
 def new generation   total 118016K, used 13056K [0x6a800000, 0x72800000, 0x72800000)
  eden space 104960K,   0% used [0x6a800000, 0x6a800000, 0x70e80000)
  from space 13056K, 100% used [0x71b40000, 0x72800000, 0x72800000)
  to   space 13056K,   0% used [0x70e80000, 0x70e80000, 0x71b40000)
 tenured generation   total 262144K, used 163262K [0x72800000, 0x82800000, 0x82800000)
   the space 262144K,  62% used [0x72800000, 0x7c76f8e8, 0x7c76fa00, 0x82800000)
 compacting perm gen  total 44800K, used 44656K [0x82800000, 0x853c0000, 0x92800000)
   the space 44800K,  99% used [0x82800000, 0x8539c270, 0x8539c400, 0x853c0000)
    ro space 10240K,  59% used [0x92800000, 0x92dfe6e8, 0x92dfe800, 0x93200000)
    rw space 12288K,  59% used [0x93200000, 0x9391c4e0, 0x9391c600, 0x93e00000)
}
Event: 9195.488 GC heap before
{Heap before GC invocations=1215 (full 192):
 def new generation   total 118016K, used 118016K [0x6a800000, 0x72800000, 0x72800000)
  eden space 104960K, 100% used [0x6a800000, 0x70e80000, 0x70e80000)
  from space 13056K, 100% used [0x71b40000, 0x72800000, 0x72800000)
  to   space 13056K,   0% used [0x70e80000, 0x70e80000, 0x71b40000)
 tenured generation   total 262144K, used 163262K [0x72800000, 0x82800000, 0x82800000)
   the space 262144K,  62% used [0x72800000, 0x7c76f8e8, 0x7c76fa00, 0x82800000)
 compacting perm gen  total 44800K, used 44656K [0x82800000, 0x853c0000, 0x92800000)
   the space 44800K,  99% used [0x82800000, 0x8539c270, 0x8539c400, 0x853c0000)
    ro space 10240K,  59% used [0x92800000, 0x92dfe6e8, 0x92dfe800, 0x93200000)
    rw space 12288K,  59% used [0x93200000, 0x9391c4e0, 0x9391c600, 0x93e00000)
Event: 9195.548 GC heap after
Heap after GC invocations=1216 (full 192):
 def new generation   total 118016K, used 13055K [0x6a800000, 0x72800000, 0x72800000)
  eden space 104960K,   0% used [0x6a800000, 0x6a800000, 0x70e80000)
  from space 13056K,  99% used [0x70e80000, 0x71b3fff8, 0x71b40000)
  to   space 13056K,   0% used [0x71b40000, 0x71b40000, 0x72800000)
 tenured generation   total 262144K, used 191829K [0x72800000, 0x82800000, 0x82800000)
   the space 262144K,  73% used [0x72800000, 0x7e3556a8, 0x7e355800, 0x82800000)
 compacting perm gen  total 44800K, used 44656K [0x82800000, 0x853c0000, 0x92800000)
   the space 44800K,  99% used [0x82800000, 0x8539c270, 0x8539c400, 0x853c0000)
    ro space 10240K,  59% used [0x92800000, 0x92dfe6e8, 0x92dfe800, 0x93200000)
    rw space 12288K,  59% used [0x93200000, 0x9391c4e0, 0x9391c600, 0x93e00000)
}
Event: 9297.346 GC heap before
{Heap before GC invocations=1216 (full 192):
 def new generation   total 118016K, used 118015K [0x6a800000, 0x72800000, 0x72800000)
  eden space 104960K, 100% used [0x6a800000, 0x70e80000, 0x70e80000)
  from space 13056K,  99% used [0x70e80000, 0x71b3fff8, 0x71b40000)
  to   space 13056K,   0% used [0x71b40000, 0x71b40000, 0x72800000)
 tenured generation   total 262144K, used 191829K [0x72800000, 0x82800000, 0x82800000)
   the space 262144K,  73% used [0x72800000, 0x7e3556a8, 0x7e355800, 0x82800000)
 compacting perm gen  total 44800K, used 44726K [0x82800000, 0x853c0000, 0x92800000)
   the space 44800K,  99% used [0x82800000, 0x853ada40, 0x853adc00, 0x853c0000)
    ro space 10240K,  59% used [0x92800000, 0x92dfe6e8, 0x92dfe800, 0x93200000)
    rw space 12288K,  59% used [0x93200000, 0x9391c4e0, 0x9391c600, 0x93e00000)
Event: 9297.404 GC heap after
Heap after GC invocations=1217 (full 192):
 def new generation   total 118016K, used 13056K [0x6a800000, 0x72800000, 0x72800000)
  eden space 104960K,   0% used [0x6a800000, 0x6a800000, 0x70e80000)
  from space 13056K, 100% used [0x71b40000, 0x72800000, 0x72800000)
  to   space 13056K,   0% used [0x70e80000, 0x70e80000, 0x71b40000)
 tenured generation   total 262144K, used 216119K [0x72800000, 0x82800000, 0x82800000)
   the space 262144K,  82% used [0x72800000, 0x7fb0df70, 0x7fb0e000, 0x82800000)
 compacting perm gen  total 44800K, used 44726K [0x82800000, 0x853c0000, 0x92800000)
   the space 44800K,  99% used [0x82800000, 0x853ada40, 0x853adc00, 0x853c0000)
    ro space 10240K,  59% used [0x92800000, 0x92dfe6e8, 0x92dfe800, 0x93200000)
    rw space 12288K,  59% used [0x93200000, 0x9391c4e0, 0x9391c600, 0x93e00000)
}
Event: 9307.094 GC heap before
{Heap before GC invocations=1217 (full 192):
 def new generation   total 118016K, used 51279K [0x6a800000, 0x72800000, 0x72800000)
  eden space 104960K,  36% used [0x6a800000, 0x6cd53c90, 0x70e80000)
  from space 13056K, 100% used [0x71b40000, 0x72800000, 0x72800000)
  to   space 13056K,   0% used [0x70e80000, 0x70e80000, 0x71b40000)
 tenured generation   total 262144K, used 216119K [0x72800000, 0x82800000, 0x82800000)
   the space 262144K,  82% used [0x72800000, 0x7fb0df70, 0x7fb0e000, 0x82800000)
 compacting perm gen  total 44800K, used 44732K [0x82800000, 0x853c0000, 0x92800000)
   the space 44800K,  99% used [0x82800000, 0x853af1f0, 0x853af200, 0x853c0000)
    ro space 10240K,  59% used [0x92800000, 0x92dfe6e8, 0x92dfe800, 0x93200000)
    rw space 12288K,  59% used [0x93200000, 0x9391c4e0, 0x9391c600, 0x93e00000)
Event: 9307.318 GC heap after
Heap after GC invocations=1218 (full 193):
 def new generation   total 118016K, used 0K [0x6a800000, 0x72800000, 0x72800000)
  eden space 104960K,   0% used [0x6a800000, 0x6a800000, 0x70e80000)
  from space 13056K,   0% used [0x71b40000, 0x71b40000, 0x72800000)
  to   space 13056K,   0% used [0x70e80000, 0x70e80000, 0x71b40000)
 tenured generation   total 262144K, used 116816K [0x72800000, 0x82800000, 0x82800000)
   the space 262144K,  44% used [0x72800000, 0x79a14050, 0x79a14200, 0x82800000)
 compacting perm gen  total 44800K, used 44732K [0x82800000, 0x853c0000, 0x92800000)
   the space 44800K,  99% used [0x82800000, 0x853af1f0, 0x853af200, 0x853c0000)
    ro space 10240K,  59% used [0x92800000, 0x92dfe6e8, 0x92dfe800, 0x93200000)
    rw space 12288K,  59% used [0x93200000, 0x9391c4e0, 0x9391c600, 0x93e00000)
}

